{
  "RSpec": {
    "coverage": {
      "/Users/igormarquessilva/github/local/OpenRes/app/controllers/application_controller.rb": [
        null,
        1,
        null,
        null,
        1,
        null,
        1,
        null,
        1,
        null,
        1,
        0,
        0,
        0,
        null,
        null,
        1,
        0,
        null,
        null,
        1,
        0,
        null,
        null,
        1,
        0,
        0,
        null,
        0,
        null,
        null,
        null,
        null,
        1,
        0,
        null,
        null,
        1,
        0,
        null,
        null,
        null
      ],
      "/Users/igormarquessilva/github/local/OpenRes/app/helpers/application_helper.rb": [
        null,
        1,
        null
      ],
      "/Users/igormarquessilva/github/local/OpenRes/app/helpers/dashboard_helper.rb": [
        null,
        1,
        null
      ],
      "/Users/igormarquessilva/github/local/OpenRes/app/helpers/home_helper.rb": [
        null,
        1,
        null
      ],
      "/Users/igormarquessilva/github/local/OpenRes/app/helpers/object_resources_helper.rb": [
        null,
        1,
        null
      ],
      "/Users/igormarquessilva/github/local/OpenRes/app/helpers/places_helper.rb": [
        null,
        1,
        null
      ],
      "/Users/igormarquessilva/github/local/OpenRes/app/helpers/profile_helper.rb": [
        null,
        1,
        null
      ],
      "/Users/igormarquessilva/github/local/OpenRes/app/helpers/reservation_approval_helper.rb": [
        null,
        1,
        null
      ],
      "/Users/igormarquessilva/github/local/OpenRes/app/helpers/reservation_group_helper.rb": [
        null,
        1,
        null
      ],
      "/Users/igormarquessilva/github/local/OpenRes/app/helpers/reservations_helper.rb": [
        null,
        1,
        null
      ],
      "/Users/igormarquessilva/github/local/OpenRes/app/helpers/room_types_helper.rb": [
        null,
        1,
        null
      ],
      "/Users/igormarquessilva/github/local/OpenRes/app/helpers/sectors_helper.rb": [
        null,
        1,
        null
      ],
      "/Users/igormarquessilva/github/local/OpenRes/app/helpers/user_places_helper.rb": [
        null,
        1,
        null
      ],
      "/Users/igormarquessilva/github/local/OpenRes/app/helpers/users_helper.rb": [
        null,
        1,
        null
      ],
      "/Users/igormarquessilva/github/local/OpenRes/app/models/user.rb": [
        null,
        1,
        null,
        null,
        null,
        1,
        null,
        1,
        null,
        null,
        1,
        1,
        null,
        1,
        null,
        1,
        1,
        null,
        1,
        0,
        null,
        null,
        null
      ],
      "/Users/igormarquessilva/github/local/OpenRes/app/controllers/dashboard_controller.rb": [
        null,
        1,
        1,
        0,
        null,
        0,
        0,
        null,
        0,
        null,
        null,
        null,
        null,
        null
      ],
      "/Users/igormarquessilva/github/local/OpenRes/app/controllers/home_controller.rb": [
        null,
        1,
        1,
        1,
        null,
        1,
        null,
        null,
        1,
        null,
        null,
        null
      ],
      "/Users/igormarquessilva/github/local/OpenRes/app/controllers/object_resources_controller.rb": [
        null,
        1,
        1,
        null,
        1,
        null,
        null,
        null,
        1,
        0,
        null,
        null,
        null,
        null,
        1,
        null,
        null,
        null,
        1,
        0,
        null,
        null,
        null,
        1,
        null,
        null,
        null,
        null,
        1,
        0,
        null,
        0,
        0,
        0,
        0,
        null,
        0,
        0,
        null,
        null,
        null,
        null,
        null,
        null,
        1,
        0,
        0,
        0,
        0,
        null,
        0,
        0,
        null,
        null,
        null,
        null,
        null,
        null,
        1,
        0,
        0,
        0,
        0,
        null,
        null,
        null,
        1,
        null,
        1,
        0,
        null,
        null,
        null,
        1,
        0,
        null,
        null
      ],
      "/Users/igormarquessilva/github/local/OpenRes/app/controllers/places_controller.rb": [
        null,
        1,
        1,
        null,
        1,
        null,
        null,
        null,
        1,
        0,
        null,
        null,
        null,
        null,
        1,
        0,
        0,
        null,
        null,
        null,
        1,
        0,
        null,
        null,
        null,
        1,
        null,
        null,
        null,
        null,
        1,
        0,
        null,
        0,
        0,
        0,
        0,
        null,
        0,
        0,
        null,
        null,
        null,
        null,
        null,
        null,
        1,
        0,
        0,
        0,
        0,
        null,
        0,
        0,
        null,
        null,
        null,
        null,
        null,
        null,
        1,
        0,
        0,
        0,
        0,
        null,
        null,
        null,
        1,
        0,
        null,
        0,
        0,
        null,
        0,
        null,
        null,
        0,
        null,
        0,
        null,
        0,
        null,
        0,
        null,
        null,
        null,
        null,
        1,
        null,
        1,
        0,
        null,
        null,
        null,
        1,
        0,
        null,
        null
      ],
      "/Users/igormarquessilva/github/local/OpenRes/app/controllers/profile_controller.rb": [
        null,
        1,
        null,
        1,
        null,
        1,
        0,
        0,
        0,
        null,
        null,
        1,
        0,
        null,
        0,
        0,
        null,
        0,
        null,
        0,
        null,
        0,
        null,
        null,
        0,
        null,
        null,
        1,
        0,
        null,
        0,
        0,
        0,
        0,
        null,
        0,
        0,
        null,
        null,
        null,
        null,
        1,
        null,
        1,
        0,
        null,
        null,
        null
      ],
      "/Users/igormarquessilva/github/local/OpenRes/app/controllers/reservation_approval_controller.rb": [
        null,
        1,
        1,
        null,
        0,
        0,
        0,
        0,
        0,
        0,
        0,
        0,
        null,
        0,
        0,
        0,
        null,
        null,
        null,
        1,
        0,
        0,
        null,
        null,
        1,
        0,
        null,
        0,
        0,
        null,
        null,
        1,
        0,
        null,
        0,
        0,
        null,
        null,
        1,
        0,
        null,
        0,
        0,
        0,
        null,
        null,
        null,
        1,
        0,
        null,
        null,
        null
      ]
    },
    "timestamp": 1396731306
  }
}
