{
  "RSpec": {
    "coverage": {
      "/Users/igormarquessilva/github/local/OpenRes/app/controllers/application_controller.rb": [
        null,
        1,
        null,
        null,
        1,
        null,
        1,
        null,
        1,
        null,
        1,
        0,
        0,
        0,
        null,
        null,
        1,
        0,
        null,
        null,
        1,
        0,
        null,
        null,
        1,
        0,
        0,
        null,
        0,
        null,
        null,
        null,
        null,
        1,
        0,
        null,
        null,
        1,
        0,
        null,
        null,
        null
      ],
      "/Users/igormarquessilva/github/local/OpenRes/app/helpers/application_helper.rb": [
        null,
        1,
        null
      ],
      "/Users/igormarquessilva/github/local/OpenRes/app/helpers/dashboard_helper.rb": [
        null,
        1,
        null
      ],
      "/Users/igormarquessilva/github/local/OpenRes/app/helpers/home_helper.rb": [
        null,
        1,
        null
      ],
      "/Users/igormarquessilva/github/local/OpenRes/app/helpers/object_resources_helper.rb": [
        null,
        1,
        null
      ],
      "/Users/igormarquessilva/github/local/OpenRes/app/helpers/places_helper.rb": [
        null,
        1,
        null
      ],
      "/Users/igormarquessilva/github/local/OpenRes/app/helpers/profile_helper.rb": [
        null,
        1,
        null
      ],
      "/Users/igormarquessilva/github/local/OpenRes/app/helpers/reservation_approval_helper.rb": [
        null,
        1,
        null
      ],
      "/Users/igormarquessilva/github/local/OpenRes/app/helpers/reservation_group_helper.rb": [
        1,
        null
      ],
      "/Users/igormarquessilva/github/local/OpenRes/app/helpers/reservations_helper.rb": [
        null,
        1,
        null
      ],
      "/Users/igormarquessilva/github/local/OpenRes/app/helpers/room_types_helper.rb": [
        null,
        1,
        null
      ],
      "/Users/igormarquessilva/github/local/OpenRes/app/helpers/sectors_helper.rb": [
        null,
        1,
        null
      ],
      "/Users/igormarquessilva/github/local/OpenRes/app/helpers/user_places_helper.rb": [
        null,
        1,
        null
      ],
      "/Users/igormarquessilva/github/local/OpenRes/app/helpers/users_helper.rb": [
        null,
        1,
        null
      ],
      "/Users/igormarquessilva/github/local/OpenRes/app/models/user.rb": [
        null,
        1,
        null,
        null,
        null,
        1,
        null,
        1,
        null,
        null,
        1,
        1,
        null,
        1,
        null,
        1,
        1,
        null,
        1,
        0,
        null,
        null,
        null
      ],
      "/Users/igormarquessilva/github/local/OpenRes/app/models/justification.rb": [
        null,
        1,
        1,
        1,
        null
      ],
      "/Users/igormarquessilva/github/local/OpenRes/app/models/object_resource.rb": [
        null,
        1,
        null,
        1,
        null,
        1,
        1,
        null
      ],
      "/Users/igormarquessilva/github/local/OpenRes/app/models/place_object.rb": [
        null,
        1,
        1,
        1,
        null
      ],
      "/Users/igormarquessilva/github/local/OpenRes/app/models/place_sector.rb": [
        null,
        1,
        1,
        1,
        null
      ],
      "/Users/igormarquessilva/github/local/OpenRes/app/models/place.rb": [
        null,
        1,
        null,
        1,
        null,
        1,
        null,
        1,
        1,
        1,
        1,
        null,
        1,
        1,
        null,
        1,
        0,
        0,
        0,
        null,
        0,
        null,
        null,
        1,
        0,
        null,
        null,
        null
      ],
      "/Users/igormarquessilva/github/local/OpenRes/app/models/reservation_group.rb": [
        1,
        1,
        null
      ],
      "/Users/igormarquessilva/github/local/OpenRes/app/models/reservation.rb": [
        null,
        1,
        null,
        1,
        0,
        null,
        null,
        1,
        0,
        0,
        null,
        null,
        1,
        0,
        0,
        0,
        null,
        null,
        1,
        0,
        null,
        null,
        1,
        0,
        null,
        null,
        1,
        0,
        null,
        null,
        1,
        0,
        null,
        null,
        1,
        0,
        null,
        null,
        1,
        0,
        null,
        null,
        1,
        0,
        null,
        null,
        null,
        1,
        null,
        1,
        1,
        1,
        null,
        1,
        null,
        1,
        null,
        1,
        0,
        null,
        null
      ],
      "/Users/igormarquessilva/github/local/OpenRes/app/models/room_type.rb": [
        null,
        1,
        1,
        null,
        1,
        null
      ],
      "/Users/igormarquessilva/github/local/OpenRes/app/models/sector.rb": [
        null,
        1,
        null,
        1,
        null,
        1,
        null,
        1,
        1,
        null,
        1,
        null,
        null
      ]
    },
    "timestamp": 1394395177
  }
}
